<?xml version="1.0" encoding="UTF-8"?>
<testng-results skipped="0" failed="0" total="1" passed="1">
  <reporter-output>
  </reporter-output>
  <suite name="BDD Test Suite" duration-ms="269" started-at="2021-08-07T10:53:21Z" finished-at="2021-08-07T10:53:21Z">
    <groups>
      <group name="cucumber">
        <method signature="TestRunner.feature(cucumber.api.testng.CucumberFeatureWrapper)[pri:0, instance:runners.TestRunner@2acf57e3]" name="feature" class="runners.TestRunner"/>
      </group> <!-- cucumber -->
    </groups>
    <test name="Login and Update Profile Test" duration-ms="269" started-at="2021-08-07T10:53:21Z" finished-at="2021-08-07T10:53:21Z">
      <class name="runners.TestRunner">
        <test-method status="PASS" signature="setUpClass()[pri:0, instance:runners.TestRunner@2acf57e3]" name="setUpClass" is-config="true" duration-ms="149" started-at="2021-08-07T17:53:21Z" finished-at="2021-08-07T17:53:21Z">
          <reporter-output>
          </reporter-output>
        </test-method> <!-- setUpClass -->
        <test-method status="PASS" signature="feature(cucumber.api.testng.CucumberFeatureWrapper)[pri:0, instance:runners.TestRunner@2acf57e3]" name="feature" duration-ms="26" started-at="2021-08-07T17:53:21Z" description="Runs Cucumber Feature" data-provider="features" finished-at="2021-08-07T17:53:21Z">
          <params>
            <param index="0">
              <value>
                <![CDATA[Registry and gifting]]>
              </value>
            </param>
          </params>
          <reporter-output>
          </reporter-output>
        </test-method> <!-- feature -->
        <test-method status="PASS" signature="tearDownClass()[pri:0, instance:runners.TestRunner@2acf57e3]" name="tearDownClass" is-config="true" duration-ms="27" started-at="2021-08-07T17:53:21Z" finished-at="2021-08-07T17:53:21Z">
          <reporter-output>
          </reporter-output>
        </test-method> <!-- tearDownClass -->
      </class> <!-- runners.TestRunner -->
    </test> <!-- Login and Update Profile Test -->
  </suite> <!-- BDD Test Suite -->
</testng-results>
